\BOOKMARK [1][-]{section.1}{\376\377\000E\000r\000r\000a\000t\000a\000\040\000a\000n\000d\000\040\000K\000n\000o\000w\000n\000\040\000I\000s\000s\000u\000e\000s}{}% 1
\BOOKMARK [2][-]{subsection.1.1}{\376\377\000E\000r\000r\000a\000t\000a}{section.1}% 2
\BOOKMARK [2][-]{subsection.1.2}{\376\377\000K\000n\000o\000w\000n\000\040\000I\000s\000s\000u\000e\000s}{section.1}% 3
\BOOKMARK [1][-]{section.2}{\376\377\000P\000o\000r\000t\000\040\000D\000e\000s\000c\000r\000i\000p\000t\000i\000o\000n\000s}{}% 4
\BOOKMARK [2][-]{subsection.2.1}{\376\377\000G\000P\000I\000O\000\040\000I\000n\000t\000e\000r\000f\000a\000c\000e}{section.2}% 5
\BOOKMARK [2][-]{subsection.2.2}{\376\377\000A\000P\000B\0003\000\040\000I\000n\000t\000e\000r\000f\000a\000c\000e}{section.2}% 6
\BOOKMARK [1][-]{section.3}{\376\377\000P\000a\000r\000a\000m\000e\000t\000e\000r\000\040\000D\000e\000s\000c\000r\000i\000p\000t\000i\000o\000n\000s}{}% 7
\BOOKMARK [1][-]{section.4}{\376\377\000R\000e\000g\000i\000s\000t\000e\000r\000\040\000I\000n\000t\000e\000r\000f\000a\000c\000e}{}% 8
\BOOKMARK [2][-]{subsection.4.1}{\376\377\000R\000e\000g\000i\000s\000t\000e\000r\000\040\000O\000p\000e\000r\000a\000t\000i\000o\000n}{section.4}% 9
\BOOKMARK [3][-]{subsubsection.4.1.1}{\376\377\000D\000I\000R\000E\000C\000T\000I\000O\000N}{subsection.4.1}% 10
\BOOKMARK [3][-]{subsubsection.4.1.2}{\376\377\000O\000U\000T\000P\000U\000T}{subsection.4.1}% 11
\BOOKMARK [3][-]{subsubsection.4.1.3}{\376\377\000I\000N\000P\000U\000T}{subsection.4.1}% 12
\BOOKMARK [3][-]{subsubsection.4.1.4}{\376\377\000M\000O\000D\000E}{subsection.4.1}% 13
\BOOKMARK [3][-]{subsubsection.4.1.5}{\376\377\000A\000T\000O\000M\000I\000C\000\137\000O\000P\000E\000R\000A\000T\000I\000O\000N}{subsection.4.1}% 14
\BOOKMARK [3][-]{subsubsection.4.1.6}{\376\377\000A\000T\000O\000M\000I\000C\000\137\000M\000A\000S\000K}{subsection.4.1}% 15
\BOOKMARK [3][-]{subsubsection.4.1.7}{\376\377\000A\000T\000O\000M\000I\000C\000\137\000S\000E\000T}{subsection.4.1}% 16
\BOOKMARK [3][-]{subsubsection.4.1.8}{\376\377\000V\000I\000R\000T\000U\000A\000L\000\137\000P\000O\000R\000T\000\137\000M\000A\000P}{subsection.4.1}% 17
\BOOKMARK [3][-]{subsubsection.4.1.9}{\376\377\000V\000I\000R\000T\000U\000A\000L\000\137\000P\000O\000R\000T\000\137\000O\000U\000T\000P\000U\000T}{subsection.4.1}% 18
\BOOKMARK [3][-]{subsubsection.4.1.10}{\376\377\000V\000I\000R\000T\000U\000A\000L\000\137\000P\000O\000R\000T\000\137\000E\000N\000A\000B\000L\000E}{subsection.4.1}% 19
\BOOKMARK [3][-]{subsubsection.4.1.11}{\376\377\000T\000R\000I\000G\000G\000E\000R\000\137\000T\000Y\000P\000E}{subsection.4.1}% 20
\BOOKMARK [3][-]{subsubsection.4.1.12}{\376\377\000T\000R\000I\000G\000G\000E\000R\000\137\000L\000O}{subsection.4.1}% 21
\BOOKMARK [3][-]{subsubsection.4.1.13}{\376\377\000T\000R\000I\000G\000G\000E\000R\000\137\000H\000I}{subsection.4.1}% 22
\BOOKMARK [3][-]{subsubsection.4.1.14}{\376\377\000T\000R\000I\000G\000G\000E\000R\000\137\000S\000T\000A\000T\000U\000S}{subsection.4.1}% 23
\BOOKMARK [3][-]{subsubsection.4.1.15}{\376\377\000I\000R\000Q\000\137\000E\000N\000A\000B\000L\000E}{subsection.4.1}% 24
\BOOKMARK [2][-]{subsection.4.2}{\376\377\000R\000e\000g\000i\000s\000t\000e\000r\000\040\000A\000d\000d\000r\000e\000s\000s\000e\000s}{section.4}% 25
\BOOKMARK [3][-]{subsubsection.4.2.1}{\376\377\000d\000a\000t\000a\000W\000i\000d\000t\000h\000:\000\040\0008}{subsection.4.2}% 26
\BOOKMARK [3][-]{subsubsection.4.2.2}{\376\377\000d\000a\000t\000a\000W\000i\000d\000t\000h\000:\000\040\0001\0006}{subsection.4.2}% 27
\BOOKMARK [3][-]{subsubsection.4.2.3}{\376\377\000d\000a\000t\000a\000W\000i\000d\000t\000h\000:\000\040\0003\0002}{subsection.4.2}% 28
\BOOKMARK [1][-]{section.5}{\376\377\000V\000i\000r\000t\000u\000a\000l\000\040\000P\000o\000r\000t\000s}{}% 29
\BOOKMARK [2][-]{subsection.5.1}{\376\377\000I\000n\000t\000r\000o\000d\000u\000c\000t\000i\000o\000n}{section.5}% 30
\BOOKMARK [2][-]{subsection.5.2}{\376\377\000P\000h\000y\000s\000i\000c\000a\000l\000\040\000P\000i\000n\000\040\000C\000o\000n\000f\000i\000g\000u\000r\000e\000d\000\040\000a\000s\000\040\000O\000u\000t\000p\000u\000t}{section.5}% 31
\BOOKMARK [2][-]{subsection.5.3}{\376\377\000P\000h\000y\000s\000i\000c\000a\000l\000\040\000P\000i\000n\000\040\000C\000o\000n\000f\000i\000g\000u\000r\000e\000d\000\040\000a\000s\000\040\000I\000n\000p\000u\000t}{section.5}% 32
\BOOKMARK [2][-]{subsection.5.4}{\376\377\000P\000h\000y\000s\000i\000c\000a\000l\000\040\000P\000i\000n\000\040\000R\000e\000c\000o\000n\000f\000i\000g\000u\000r\000a\000t\000i\000o\000n\000\040\000\050\000D\000y\000n\000a\000m\000i\000c\000\040\000B\000e\000h\000a\000v\000i\000o\000r\000\051}{section.5}% 33
\BOOKMARK [2][-]{subsection.5.5}{\376\377\000S\000u\000m\000m\000a\000r\000y\000\040\000o\000f\000\040\000C\000o\000r\000r\000e\000s\000p\000o\000n\000d\000e\000n\000c\000e}{section.5}% 34
\BOOKMARK [2][-]{subsection.5.6}{\376\377\000A\000d\000d\000i\000t\000i\000o\000n\000a\000l\000\040\000C\000o\000n\000s\000i\000d\000e\000r\000a\000t\000i\000o\000n\000s}{section.5}% 35
\BOOKMARK [1][-]{section.6}{\376\377\000T\000h\000e\000o\000r\000y\000\040\000o\000f\000\040\000O\000p\000e\000r\000a\000t\000i\000o\000n\000s}{}% 36
\BOOKMARK [2][-]{subsection.6.1}{\376\377\000I\000n\000t\000r\000o\000d\000u\000c\000t\000i\000o\000n}{section.6}% 37
\BOOKMARK [2][-]{subsection.6.2}{\376\377\000I\000n\000t\000e\000r\000f\000a\000c\000e\000\040\000T\000i\000m\000i\000n\000g}{section.6}% 38
\BOOKMARK [1][-]{section.7}{\376\377\000S\000i\000m\000u\000l\000a\000t\000i\000o\000n}{}% 39
\BOOKMARK [2][-]{subsection.7.1}{\376\377\000T\000e\000s\000t\000s}{section.7}% 40
\BOOKMARK [2][-]{subsection.7.2}{\376\377\000C\000o\000d\000e\000\040\000c\000o\000v\000e\000r\000a\000g\000e}{section.7}% 41
\BOOKMARK [2][-]{subsection.7.3}{\376\377\000R\000u\000n\000n\000i\000n\000g\000\040\000s\000i\000m\000u\000l\000a\000t\000i\000o\000n}{section.7}% 42
\BOOKMARK [2][-]{subsection.7.4}{\376\377\000V\000i\000e\000w\000i\000n\000g\000\040\000t\000h\000e\000\040\000w\000a\000v\000e\000f\000o\000r\000m\000s}{section.7}% 43
\BOOKMARK [1][-]{section.8}{\376\377\000S\000y\000n\000t\000h\000e\000s\000i\000s}{}% 44
\BOOKMARK [2][-]{subsection.8.1}{\376\377\000A\000r\000e\000a}{section.8}% 45
\BOOKMARK [2][-]{subsection.8.2}{\376\377\000S\000D\000C\000\040\000F\000i\000l\000e}{section.8}% 46
\BOOKMARK [2][-]{subsection.8.3}{\376\377\000T\000i\000m\000i\000n\000g}{section.8}% 47
\BOOKMARK [2][-]{subsection.8.4}{\376\377\000M\000u\000l\000t\000i\000c\000y\000c\000l\000e\000\040\000P\000a\000t\000h\000s}{section.8}% 48
